[W 241229 23:14:32 smartWebSocketV2:319] Attempting to resubscribe/reconnect (Attempt 1)...
[W 241229 23:14:43 smartWebSocketV2:343] Connection closed due to max retry attempts reached.
[W 241229 23:14:43 smartWebSocketV2:343] Connection closed due to max retry attempts reached.
[W 241229 23:14:43 smartWebSocketV2:343] Connection closed due to max retry attempts reached.
[W 241229 23:14:43 smartWebSocketV2:343] Connection closed due to max retry attempts reached.
[W 241229 23:14:43 smartWebSocketV2:343] Connection closed due to max retry attempts reached.
[W 241229 23:16:13 smartWebSocketV2:319] Attempting to resubscribe/reconnect (Attempt 1)...
[W 241229 23:16:23 smartWebSocketV2:343] Connection closed due to max retry attempts reached.
[W 241229 23:16:23 smartWebSocketV2:343] Connection closed due to max retry attempts reached.
[W 241229 23:16:23 smartWebSocketV2:343] Connection closed due to max retry attempts reached.
[W 241229 23:16:23 smartWebSocketV2:343] Connection closed due to max retry attempts reached.
[W 241229 23:16:23 smartWebSocketV2:343] Connection closed due to max retry attempts reached.
[W 241229 23:18:16 smartWebSocketV2:319] Attempting to resubscribe/reconnect (Attempt 1)...
[E 241229 23:18:27 smartWebSocketV2:304] Error occurred during WebSocket connection: name 'logger' is not defined
[E 241229 23:18:27 smartWebSocketV2:333] Error occurred during resubscribe/reconnect: name 'logger' is not defined
[E 241229 23:18:27 smartWebSocketV2:304] Error occurred during WebSocket connection: name 'logger' is not defined
[I 241229 23:18:49 1_Dashboard:70] on open
[I 241229 23:18:49 1_Dashboard:66] Ticks: {'subscription_mode': 1, 'exchange_type': 1, 'token': '26009', 'sequence_number': 17020771, 'exchange_timestamp': 1735307206000, 'last_traded_price': 5131130, 'subscription_mode_val': 'LTP'}
[I 241229 23:21:21 1_Dashboard:70] on open
[I 241229 23:21:21 1_Dashboard:66] Ticks: {'subscription_mode': 3, 'exchange_type': 1, 'token': '26009', 'sequence_number': 17020771, 'exchange_timestamp': 1735307206000, 'last_traded_price': 5131130, 'subscription_mode_val': 'SNAP_QUOTE', 'last_traded_quantity': 0, 'average_traded_price': 0, 'volume_trade_for_the_day': 0, 'total_buy_quantity': 0.0, 'total_sell_quantity': 0.0, 'open_price_of_the_day': 0, 'high_price_of_the_day': 0, 'low_price_of_the_day': 0, 'closed_price': 5117070, 'last_traded_timestamp': 0, 'open_interest': 9562350, 'open_interest_change_percentage': 4630427177314270412, 'upper_circuit_limit': 0, 'lower_circuit_limit': 0, '52_week_high_price': 0, '52_week_low_price': 0, 'best_5_buy_data': [{'flag': 1, 'quantity': 0, 'price': 0, 'no of orders': 0}, {'flag': 1, 'quantity': 0, 'price': 0, 'no of orders': 0}, {'flag': 1, 'quantity': 0, 'price': 0, 'no of orders': 0}, {'flag': 1, 'quantity': 0, 'price': 0, 'no of orders': 0}, {'flag': 1, 'quantity': 0, 'price': 0, 'no of orders': 0}], 'best_5_sell_data': [{'flag': 0, 'quantity': 0, 'price': 0, 'no of orders': 0}, {'flag': 0, 'quantity': 0, 'price': 0, 'no of orders': 0}, {'flag': 0, 'quantity': 0, 'price': 0, 'no of orders': 0}, {'flag': 0, 'quantity': 0, 'price': 0, 'no of orders': 0}, {'flag': 0, 'quantity': 0, 'price': 0, 'no of orders': 0}]}
[I 241229 23:22:46 1_Dashboard:75] on open
[I 241229 23:22:46 1_Dashboard:71] Ticks: {'subscription_mode': 3, 'exchange_type': 1, 'token': '26009', 'sequence_number': 17020771, 'exchange_timestamp': 1735307206000, 'last_traded_price': 5131130, 'subscription_mode_val': 'SNAP_QUOTE', 'last_traded_quantity': 0, 'average_traded_price': 0, 'volume_trade_for_the_day': 0, 'total_buy_quantity': 0.0, 'total_sell_quantity': 0.0, 'open_price_of_the_day': 0, 'high_price_of_the_day': 0, 'low_price_of_the_day': 0, 'closed_price': 5117070, 'last_traded_timestamp': 0, 'open_interest': 9562350, 'open_interest_change_percentage': 4630427177314270412, 'upper_circuit_limit': 0, 'lower_circuit_limit': 0, '52_week_high_price': 0, '52_week_low_price': 0, 'best_5_buy_data': [{'flag': 1, 'quantity': 0, 'price': 0, 'no of orders': 0}, {'flag': 1, 'quantity': 0, 'price': 0, 'no of orders': 0}, {'flag': 1, 'quantity': 0, 'price': 0, 'no of orders': 0}, {'flag': 1, 'quantity': 0, 'price': 0, 'no of orders': 0}, {'flag': 1, 'quantity': 0, 'price': 0, 'no of orders': 0}], 'best_5_sell_data': [{'flag': 0, 'quantity': 0, 'price': 0, 'no of orders': 0}, {'flag': 0, 'quantity': 0, 'price': 0, 'no of orders': 0}, {'flag': 0, 'quantity': 0, 'price': 0, 'no of orders': 0}, {'flag': 0, 'quantity': 0, 'price': 0, 'no of orders': 0}, {'flag': 0, 'quantity': 0, 'price': 0, 'no of orders': 0}]}
[W 241229 23:26:44 smartWebSocketV2:319] Attempting to resubscribe/reconnect (Attempt 1)...
[I 241229 23:48:48 1_Dashboard:121] on open
[W 241229 23:53:28 smartWebSocketV2:319] Attempting to resubscribe/reconnect (Attempt 1)...
[E 241229 23:53:49 1_Dashboard:127] Connection closed
[W 241229 23:53:49 smartWebSocketV2:343] Connection closed due to max retry attempts reached.
[E 241229 23:53:49 1_Dashboard:127] Connection closed
[W 241229 23:53:49 smartWebSocketV2:343] Connection closed due to max retry attempts reached.
[E 241229 23:53:49 1_Dashboard:127] Connection closed
[W 241229 23:53:49 smartWebSocketV2:343] Connection closed due to max retry attempts reached.
[W 241229 23:54:05 smartWebSocketV2:319] Attempting to resubscribe/reconnect (Attempt 1)...
[E 241229 23:54:26 1_Dashboard:124] Connection closed
[W 241229 23:54:26 smartWebSocketV2:343] Connection closed due to max retry attempts reached.
[E 241229 23:54:26 1_Dashboard:124] Connection closed
[W 241229 23:54:26 smartWebSocketV2:343] Connection closed due to max retry attempts reached.
[E 241229 23:54:26 1_Dashboard:124] Connection closed
[W 241229 23:54:26 smartWebSocketV2:343] Connection closed due to max retry attempts reached.
[W 241229 23:55:01 smartWebSocketV2:319] Attempting to resubscribe/reconnect (Attempt 1)...
[E 241229 23:55:11 1_Dashboard:134] Connection closed
[W 241229 23:55:11 smartWebSocketV2:343] Connection closed due to max retry attempts reached.
[E 241229 23:55:11 1_Dashboard:134] Connection closed
[W 241229 23:55:11 smartWebSocketV2:343] Connection closed due to max retry attempts reached.
[E 241229 23:55:11 1_Dashboard:134] Connection closed
[W 241229 23:55:11 smartWebSocketV2:343] Connection closed due to max retry attempts reached.
[W 241229 23:56:22 smartWebSocketV2:319] Attempting to resubscribe/reconnect (Attempt 1)...
[E 241229 23:56:32 1_Dashboard:136] Connection closed
[W 241229 23:56:32 smartWebSocketV2:343] Connection closed due to max retry attempts reached.
[E 241229 23:56:32 1_Dashboard:136] Connection closed
[W 241229 23:56:32 smartWebSocketV2:343] Connection closed due to max retry attempts reached.
[E 241229 23:56:32 1_Dashboard:136] Connection closed
[W 241229 23:56:32 smartWebSocketV2:343] Connection closed due to max retry attempts reached.
[W 241229 23:56:43 smartWebSocketV2:319] Attempting to resubscribe/reconnect (Attempt 1)...
[I 241229 23:56:53 1_Dashboard:130] on open
